C:\USERS\Андрей Ветров\DOCUMENTS\GITHUB\CHM1\CHM1\DEBUG\MAIN.OBJ
C:\USERS\Андрей Ветров\DOCUMENTS\GITHUB\CHM1\CHM1\DEBUG\MATRIX.OBJ
C:\USERS\Андрей Ветров\DOCUMENTS\GITHUB\CHM1\CHM1\DEBUG\MATRIXPROF.OBJ
C:\USERS\АНДРЕЙ ВЕТРОВ\DOCUMENTS\GITHUB\CHM1\CHM1\DEBUG\VC110.PDB
C:\Users\Андрей Ветров\Documents\GitHub\chm1\chm1\Debug\main.obj
C:\Users\Андрей Ветров\Documents\GitHub\chm1\chm1\Debug\Matrix.obj
C:\Users\Андрей Ветров\Documents\GitHub\chm1\chm1\Debug\MatrixProf.obj
C:\Users\Андрей Ветров\Documents\GitHub\chm1\chm1\Debug\cl.command.1.tlog
C:\Users\Андрей Ветров\Documents\GitHub\chm1\chm1\Debug\CL.read.1.tlog
C:\Users\Андрей Ветров\Documents\GitHub\chm1\chm1\Debug\CL.write.1.tlog
C:\Users\Андрей Ветров\Documents\GitHub\chm1\chm1\Debug\link-cvtres.read.1.tlog
C:\Users\Андрей Ветров\Documents\GitHub\chm1\chm1\Debug\link-cvtres.write.1.tlog
C:\Users\Андрей Ветров\Documents\GitHub\chm1\chm1\Debug\link-rc.read.1.tlog
C:\Users\Андрей Ветров\Documents\GitHub\chm1\chm1\Debug\link-rc.write.1.tlog
C:\Users\Андрей Ветров\Documents\GitHub\chm1\chm1\Debug\link.command.1.tlog
C:\Users\Андрей Ветров\Documents\GitHub\chm1\chm1\Debug\link.read.1.tlog
C:\Users\Андрей Ветров\Documents\GitHub\chm1\chm1\Debug\link.write.1.tlog
C:\Users\Андрей Ветров\Documents\GitHub\chm1\chm1\Debug\vc110.idb
C:\Users\Андрей Ветров\Documents\GitHub\chm1\chm1\Debug\vc110.pdb
C:\Users\Андрей Ветров\Documents\GitHub\chm1\Debug\chm1.pdb
C:\Users\Андрей Ветров\Documents\GitHub\chm1\Debug\chm1.exe
C:\Users\Андрей Ветров\Documents\GitHub\chm1\Debug\chm1.ilk
